\BOOKMARK [0][-]{chapter*.1}{\376\377\000C\000o\000n\000t\000e\000n\000t\000s}{}% 1
\BOOKMARK [0][-]{chapter.1}{\376\377\000I\000n\000t\000r\000o\000d\000u\000c\000t\000i\000o\000n\000\040\000a\000n\000d\000\040\000p\000r\000o\000b\000l\000e\000m\000\040\000s\000t\000a\000t\000e\000m\000e\000n\000t}{}% 2
\BOOKMARK [1][-]{section*.2}{\376\377\000L\000a\000r\000g\000e\000\040\000c\000l\000u\000s\000t\000e\000r\000e\000d\000\040\000d\000a\000t\000a}{chapter.1}% 3
\BOOKMARK [1][-]{section*.3}{\376\377\000D\000a\000t\000a\000\040\000s\000p\000l\000i\000t\000t\000i\000n\000g\000:\000\040\000a\000\040\000u\000n\000i\000f\000i\000e\000d\000\040\000a\000p\000p\000r\000o\000a\000c\000h}{chapter.1}% 4
\BOOKMARK [1][-]{section*.4}{\376\377\000D\000i\000f\000f\000e\000r\000e\000n\000t\000\040\000t\000y\000p\000e\000s\000\040\000o\000f\000\040\000s\000p\000l\000i\000t\000t\000i\000n\000g}{chapter.1}% 5
\BOOKMARK [2][-]{section*.5}{\376\377\000R\000a\000n\000d\000o\000m\000\040\000h\000o\000r\000i\000z\000o\000n\000t\000a\000l\000\040\000s\000p\000l\000i\000t\000t\000i\000n\000g}{section*.4}% 6
\BOOKMARK [2][-]{section*.6}{\376\377\000S\000t\000r\000u\000c\000t\000u\000r\000e\000d\000\040\000h\000o\000r\000i\000z\000o\000n\000t\000a\000l\000\040\000s\000p\000l\000i\000t\000t\000i\000n\000g}{section*.4}% 7
\BOOKMARK [2][-]{section*.7}{\376\377\000R\000a\000n\000d\000o\000m\000\040\000v\000e\000r\000t\000i\000c\000a\000l\000\040\000s\000p\000l\000i\000t\000t\000i\000n\000g}{section*.4}% 8
\BOOKMARK [2][-]{section*.8}{\376\377\000S\000t\000r\000u\000c\000t\000u\000r\000e\000d\000\040\000v\000e\000r\000t\000i\000c\000a\000l\000\040\000s\000p\000l\000i\000t\000t\000i\000n\000g}{section*.4}% 9
\BOOKMARK [1][-]{section*.9}{\376\377\000S\000u\000p\000p\000l\000e\000m\000e\000n\000t\000a\000r\000y\000\040\000t\000o\000p\000i\000c\000s}{chapter.1}% 10
\BOOKMARK [2][-]{section*.10}{\376\377\000H\000o\000w\000\040\000m\000a\000n\000y\000\040\000s\000u\000b\000-\000s\000a\000m\000p\000l\000e\000s\000?}{section*.9}% 11
\BOOKMARK [2][-]{section*.11}{\376\377\000S\000p\000e\000c\000i\000a\000l\000\040\000c\000a\000s\000e\000:\000\040\000w\000h\000e\000r\000e\000\040\000c\000o\000m\000b\000i\000n\000a\000t\000i\000o\000n\000\040\000r\000u\000l\000e\000\040\000f\000a\000i\000l\000s}{section*.9}% 12
\BOOKMARK [1][-]{section*.12}{\376\377\000S\000o\000f\000t\000w\000a\000r\000e\000\040\000i\000m\000p\000l\000e\000m\000e\000n\000t\000a\000t\000i\000o\000n}{chapter.1}% 13
\BOOKMARK [0][-]{chapter.2}{\376\377\000M\000o\000t\000i\000v\000a\000t\000i\000n\000g\000\040\000d\000a\000t\000a\000s\000e\000t\000s}{}% 14
\BOOKMARK [1][-]{section*.13}{\376\377\000A\000\040\000d\000e\000v\000e\000l\000o\000p\000m\000e\000n\000t\000a\000l\000\040\000t\000o\000x\000i\000c\000i\000t\000y\000\040\000s\000t\000u\000d\000y}{chapter.2}% 15
\BOOKMARK [1][-]{section*.14}{\376\377\000D\000i\000v\000o\000r\000c\000e\000\040\000i\000n\000\040\000F\000l\000a\000n\000d\000e\000r\000s}{chapter.2}% 16
\BOOKMARK [1][-]{section*.15}{\376\377\000H\000e\000a\000r\000i\000n\000g\000\040\000d\000a\000t\000a}{chapter.2}% 17
\BOOKMARK [1][-]{section*.16}{\376\377\000L\000e\000u\000v\000e\000n\000\040\000d\000i\000a\000b\000e\000t\000e\000s\000\040\000p\000r\000o\000j\000e\000c\000t}{chapter.2}% 18
\BOOKMARK [1][-]{section*.17}{\376\377\000A\000m\000a\000z\000o\000n\000\040\000b\000o\000o\000k\000\040\000r\000a\000t\000i\000n\000g\000s}{chapter.2}% 19
\BOOKMARK [1][-]{section*.18}{\376\377\000C\000l\000i\000n\000i\000c\000a\000l\000\040\000T\000r\000i\000a\000l\000s\000\040\000i\000n\000\040\000S\000c\000h\000i\000z\000o\000p\000h\000r\000e\000n\000i\000a}{chapter.2}% 20
\BOOKMARK [1][-]{section*.19}{\376\377\000C\000h\000o\000l\000e\000s\000t\000e\000r\000o\000l\000\040\000d\000a\000t\000a}{chapter.2}% 21
\BOOKMARK [1][-]{section*.20}{\376\377\000L\000e\000u\000v\000e\000n\000\040\000e\000y\000e\000s\000\040\000s\000t\000u\000d\000y}{chapter.2}% 22
\BOOKMARK [0][-]{chapter.3}{\376\377\000R\000a\000n\000d\000o\000m\000\040\000h\000o\000r\000i\000z\000o\000n\000t\000a\000l\000\040\000s\000p\000l\000i\000t\000t\000i\000n\000g}{}% 23
\BOOKMARK [1][-]{section*.21}{\376\377\000T\000h\000e\000\040\000r\000e\000s\000e\000a\000r\000c\000h\000\040\000q\000u\000e\000s\000t\000i\000o\000n}{chapter.3}% 24
\BOOKMARK [1][-]{section*.22}{\376\377\000A\000\040\000m\000i\000x\000e\000d\000\040\000m\000o\000d\000e\000l\000\040\000s\000o\000l\000u\000t\000i\000o\000n}{chapter.3}% 25
\BOOKMARK [1][-]{section*.23}{\376\377\000A\000\040\000d\000a\000t\000a\000-\000s\000p\000l\000i\000t\000t\000i\000n\000g\000\040\000b\000a\000s\000e\000d\000\040\000r\000e\000m\000e\000d\000y}{chapter.3}% 26
\BOOKMARK [1][-]{section*.24}{\376\377\000H\000o\000w\000\040\000p\000r\000e\000c\000i\000s\000e\000\040\000a\000r\000e\000\040\000w\000e\000?}{chapter.3}% 27
\BOOKMARK [0][-]{chapter.4}{\376\377\000S\000t\000r\000u\000c\000t\000u\000r\000e\000d\000\040\000h\000o\000r\000i\000z\000o\000n\000t\000a\000l\000\040\000s\000p\000l\000i\000t\000t\000i\000n\000g}{}% 28
\BOOKMARK [1][-]{section*.25}{\376\377\000C\000o\000m\000p\000o\000u\000n\000d\000-\000s\000y\000m\000m\000e\000t\000r\000y}{chapter.4}% 29
\BOOKMARK [2][-]{section*.26}{\376\377\000I\000n\000t\000r\000o\000d\000u\000c\000t\000i\000o\000n}{section*.25}% 30
\BOOKMARK [2][-]{section*.27}{\376\377\000D\000e\000v\000e\000l\000o\000p\000m\000e\000n\000t\000a\000l\000\040\000T\000o\000x\000i\000c\000i\000t\000y\000\040\000S\000t\000u\000d\000y\000\040\000S\000e\000t\000s}{section*.25}% 31
\BOOKMARK [2][-]{section*.28}{\376\377\000I\000n\000c\000o\000m\000p\000l\000e\000t\000e\000\040\000S\000u\000f\000f\000i\000c\000i\000e\000n\000t\000\040\000S\000t\000a\000t\000i\000s\000t\000i\000c\000s}{section*.25}% 32
\BOOKMARK [2][-]{section*.29}{\376\377\000T\000h\000e\000\040\000C\000o\000m\000p\000o\000u\000n\000d\000-\000s\000y\000m\000m\000e\000t\000r\000y\000\040\000M\000o\000d\000e\000l}{section*.25}% 33
\BOOKMARK [2][-]{section*.32}{\376\377\000S\000p\000l\000i\000t\000-\000s\000a\000m\000p\000l\000e\000\040\000M\000e\000t\000h\000o\000d\000s\000\040\000f\000o\000r\000\040\000C\000l\000u\000s\000t\000e\000r\000s\000\040\000o\000f\000\040\000V\000a\000r\000i\000a\000b\000l\000e\000\040\000S\000i\000z\000e}{section*.25}% 34
\BOOKMARK [2][-]{section*.33}{\376\377\0006\000.\000\040\000P\000a\000r\000t\000i\000t\000i\000o\000n\000e\000d\000-\000s\000a\000m\000p\000l\000e\000\040\000A\000n\000a\000l\000y\000s\000i\000s\000\040\000f\000o\000r\000\040\000t\000h\000e\000\040\000C\000o\000m\000p\000o\000u\000n\000d\000-\000s\000y\000m\000m\000e\000t\000r\000y\000\040\000M\000o\000d\000e\000l}{section*.25}% 35
\BOOKMARK [2][-]{section*.41}{\376\377\000S\000i\000m\000u\000l\000a\000t\000i\000o\000n\000\040\000S\000t\000u\000d\000y}{section*.25}% 36
\BOOKMARK [2][-]{section*.42}{\376\377\000A\000n\000a\000l\000y\000s\000i\000s\000\040\000o\000f\000\040\000C\000a\000s\000e\000\040\000S\000t\000u\000d\000y}{section*.25}% 37
\BOOKMARK [2][-]{section*.46}{\376\377\000R\000a\000m\000i\000f\000i\000c\000a\000t\000i\000o\000n\000s\000\040\000a\000n\000d\000\040\000C\000o\000n\000c\000l\000u\000d\000i\000n\000g\000\040\000R\000e\000m\000a\000r\000k\000s}{section*.25}% 38
\BOOKMARK [1][-]{section*.47}{\376\377\000A\000R\0001}{chapter.4}% 39
\BOOKMARK [2][-]{section*.48}{\376\377\000I\000n\000t\000r\000o\000d\000u\000c\000t\000i\000o\000n}{section*.47}% 40
\BOOKMARK [2][-]{section*.49}{\376\377\000M\000o\000d\000e\000l\000\040\000F\000o\000r\000m\000u\000l\000a\000t\000i\000o\000n}{section*.47}% 41
\BOOKMARK [2][-]{section*.50}{\376\377\000E\000s\000t\000i\000m\000a\000t\000o\000r\000s}{section*.47}% 42
\BOOKMARK [2][-]{section*.51}{\376\377\000C\000o\000m\000p\000l\000e\000t\000e\000\040\000a\000n\000d\000\040\000I\000n\000c\000o\000m\000p\000l\000e\000t\000e\000\040\000S\000u\000f\000f\000i\000c\000i\000e\000n\000t\000\040\000S\000t\000a\000t\000i\000s\000t\000i\000c\000s}{section*.47}% 43
\BOOKMARK [2][-]{section*.54}{\376\377\000C\000l\000u\000s\000t\000e\000r\000s\000\040\000O\000f\000\040\000V\000a\000r\000i\000a\000b\000l\000e\000\040\000S\000i\000z\000e}{section*.47}% 44
\BOOKMARK [2][-]{section*.55}{\376\377\000C\000o\000m\000p\000u\000t\000a\000t\000i\000o\000n\000a\000l\000\040\000C\000o\000n\000s\000i\000d\000e\000r\000a\000t\000i\000o\000n\000s\000\040\000a\000n\000d\000\040\000S\000i\000m\000u\000l\000a\000t\000i\000o\000n\000\040\000S\000t\000u\000d\000y}{section*.47}% 45
\BOOKMARK [2][-]{section*.56}{\376\377\000A\000p\000p\000l\000i\000c\000a\000t\000i\000o\000n\000:\000\040\000C\000l\000i\000n\000i\000c\000a\000l\000\040\000T\000r\000i\000a\000l\000s\000\040\000i\000n\000\040\000S\000c\000h\000i\000z\000o\000p\000h\000r\000e\000n\000i\000a}{section*.47}% 46
\BOOKMARK [2][-]{section*.57}{\376\377\000C\000o\000n\000c\000l\000u\000d\000i\000n\000g\000\040\000R\000e\000m\000a\000r\000k\000s}{section*.47}% 47
\BOOKMARK [0][-]{chapter.5}{\376\377\000R\000a\000n\000d\000o\000m\000\040\000v\000e\000r\000t\000i\000c\000a\000l\000\040\000s\000p\000l\000i\000t\000t\000i\000n\000g}{}% 48
\BOOKMARK [1][-]{section*.58}{\376\377\000I\000t\000e\000r\000a\000t\000i\000v\000e\000\040\000m\000u\000l\000t\000i\000p\000l\000e\000\040\000o\000u\000t\000p\000u\000t\000a\000t\000i\000o\000n}{chapter.5}% 49
\BOOKMARK [1][-]{section*.59}{\376\377\000F\000i\000n\000i\000t\000e\000\040\000I\000n\000f\000o\000r\000m\000a\000t\000i\000o\000n\000\040\000L\000i\000m\000i\000t\000\040\000E\000s\000t\000i\000m\000a\000t\000o\000r\000s\000:\000\040\000I\000s\000\040\000t\000h\000e\000\040\000E\000n\000t\000i\000r\000e\000\040\000D\000a\000t\000a\000s\000e\000t\000\040\000N\000e\000e\000d\000e\000d\000\040\000f\000o\000r\000\040\000A\000n\000a\000l\000y\000s\000i\000s\000?}{chapter.5}% 50
\BOOKMARK [2][-]{section*.60}{\376\377\000I\000n\000t\000r\000o\000d\000u\000c\000t\000i\000o\000n}{section*.59}% 51
\BOOKMARK [2][-]{section*.61}{\376\377\000A\000\040\000c\000o\000m\000p\000o\000u\000n\000d\000-\000s\000y\000m\000m\000e\000t\000r\000y\000\040\000m\000o\000d\000e\000l}{section*.59}% 52
\BOOKMARK [2][-]{section*.62}{\376\377\000F\000i\000n\000i\000t\000e\000\040\000I\000n\000f\000o\000r\000m\000a\000t\000i\000o\000n\000\040\000L\000i\000m\000i\000t\000\040\000\050\000F\000I\000L\000\051\000\040\000E\000s\000t\000i\000m\000a\000t\000o\000r\000s}{section*.59}% 53
\BOOKMARK [2][-]{section*.64}{\376\377\000E\000x\000t\000e\000n\000s\000i\000o\000n\000s}{section*.59}% 54
\BOOKMARK [2][-]{section*.66}{\376\377\000C\000a\000s\000e\000\040\000s\000t\000u\000d\000y\000:\000\040\000A\000m\000a\000z\000o\000n\000.\000c\000o\000m\000\040\000b\000o\000o\000k\000\040\000r\000a\000t\000i\000n\000g\000s}{section*.59}% 55
\BOOKMARK [2][-]{section*.67}{\376\377\000C\000o\000n\000c\000l\000u\000s\000i\000o\000n}{section*.59}% 56
\BOOKMARK [0][-]{chapter.6}{\376\377\000S\000t\000r\000u\000c\000t\000u\000r\000e\000d\000\040\000V\000e\000r\000t\000i\000c\000a\000l\000\040\000S\000p\000l\000i\000t\000t\000i\000n\000g}{}% 57
\BOOKMARK [1][-]{section*.68}{\376\377\000F\000a\000s\000t\000\040\000p\000r\000e\000c\000i\000s\000i\000o\000n\000\040\000e\000s\000t\000i\000m\000a\000t\000i\000o\000n\000\040\000i\000n\000\040\000h\000i\000g\000h\040\020\000d\000i\000m\000e\000n\000s\000i\000o\000n\000a\000l\000\040\000m\000u\000l\000t\000i\000v\000a\000r\000i\000a\000t\000e\000\040\000j\000o\000i\000n\000t\000\040\000m\000o\000d\000e\000l\000s}{chapter.6}% 58
\BOOKMARK [2][-]{section*.69}{\376\377\000I\000n\000t\000r\000o\000d\000u\000c\000t\000i\000o\000n}{section*.68}% 59
\BOOKMARK [2][-]{section*.70}{\376\377\000A\000\040\000f\000a\000s\000t\000\040\000v\000a\000r\000i\000a\000n\000c\000e\000\040\000e\000s\000t\000i\000m\000a\000t\000o\000r\000\040\000b\000a\000s\000e\000d\000\040\000o\000n\000\040\000m\000u\000l\000t\000i\000p\000l\000e\000\040\000o\000u\000t\000p\000u\000t\000a\000t\000i\000o\000n}{section*.68}% 60
\BOOKMARK [2][-]{section*.71}{\376\377\000S\000i\000m\000u\000l\000a\000t\000i\000o\000n\000s}{section*.68}% 61
\BOOKMARK [2][-]{section*.74}{\376\377\000A\000p\000p\000l\000i\000c\000a\000t\000i\000o\000n}{section*.68}% 62
\BOOKMARK [2][-]{section*.75}{\376\377\000C\000o\000n\000c\000l\000u\000s\000i\000o\000n\000s}{section*.68}% 63
\BOOKMARK [0][-]{chapter.7}{\376\377\000S\000u\000p\000p\000l\000e\000m\000e\000n\000t\000a\000r\000y\000\040\000t\000o\000p\000i\000c\000s}{}% 64
\BOOKMARK [1][-]{section*.76}{\376\377\000I\000t\000e\000r\000a\000t\000i\000v\000e\000\040\000M\000u\000l\000t\000i\000p\000l\000e\000\040\000I\000m\000p\000u\000t\000a\000t\000i\000o\000n\000:\000\040\000A\000\040\000F\000r\000a\000m\000e\000w\000o\000r\000k\000\040\000t\000o\000\040\000D\000e\000t\000e\000r\000m\000i\000n\000e\000\040\000t\000h\000e\000\040\000N\000u\000m\000b\000e\000r\000\040\000o\000f\000\040\000I\000m\000p\000u\000t\000e\000d\000\040\000D\000a\000t\000a\000s\000e\000t\000s}{chapter.7}% 65
\BOOKMARK [2][-]{section*.77}{\376\377\000I\000n\000t\000r\000o\000d\000u\000c\000t\000i\000o\000n}{section*.76}% 66
\BOOKMARK [2][-]{section*.78}{\376\377\000N\000u\000m\000b\000e\000r\000\040\000o\000f\000\040\000i\000m\000p\000u\000t\000e\000d\000\040\000d\000a\000t\000a\000s\000e\000t\000s\000:\000\040\000A\000\040\000r\000e\000v\000i\000e\000w}{section*.76}% 67
\BOOKMARK [2][-]{section*.79}{\376\377\000N\000u\000m\000b\000e\000r\000\040\000o\000f\000\040\000b\000l\000a\000c\000k\000i\000m\000p\000u\000t\000e\000d\000\040\000d\000a\000t\000a\000s\000e\000t\000s\000:\000\040\000a\000n\000\040\000a\000l\000t\000e\000r\000n\000a\000t\000i\000v\000e\000\040\000p\000r\000o\000p\000o\000s\000a\000l}{section*.76}% 68
\BOOKMARK [2][-]{section*.80}{\376\377\000S\000i\000m\000u\000l\000a\000t\000i\000o\000n\000\040\000s\000t\000u\000d\000y}{section*.76}% 69
\BOOKMARK [2][-]{section*.83}{\376\377\000A\000p\000p\000l\000i\000c\000a\000t\000i\000o\000n\000s}{section*.76}% 70
\BOOKMARK [2][-]{section*.86}{\376\377\000D\000i\000s\000c\000u\000s\000s\000i\000o\000n\000\040\000a\000n\000d\000\040\000C\000o\000n\000c\000l\000u\000d\000i\000n\000g\000\040\000R\000e\000m\000a\000r\000k\000s}{section*.76}% 71
\BOOKMARK [1][-]{section*.87}{\376\377\000O\000n\000\040\000u\000s\000i\000n\000g\000\040\000m\000u\000l\000t\000i\000p\000l\000e\000\040\000i\000m\000p\000u\000t\000a\000t\000i\000o\000n\000\040\000f\000o\000r\000\040\000e\000x\000p\000l\000o\000r\000a\000t\000o\000r\000y\000\040\000f\000a\000c\000t\000o\000r\000\040\000a\000n\000a\000l\000y\000s\000i\000s\000\040\000o\000f\000\040\000i\000n\000c\000o\000m\000p\000l\000e\000t\000e\000\040\000d\000a\000t\000a}{chapter.7}% 72
\BOOKMARK [2][-]{section*.88}{\376\377\000I\000n\000t\000r\000o\000d\000u\000c\000t\000i\000o\000n}{section*.87}% 73
\BOOKMARK [2][-]{section*.89}{\376\377\000U\000s\000i\000n\000g\000\040\000m\000u\000l\000t\000i\000p\000l\000e\000\040\000i\000m\000p\000u\000t\000a\000t\000i\000o\000n\000\040\000w\000i\000t\000h\000\040\000f\000a\000c\000t\000o\000r\000\040\000a\000n\000a\000l\000y\000s\000i\000s\000:\000\040\000a\000\040\000r\000e\000v\000i\000e\000w}{section*.87}% 74
\BOOKMARK [2][-]{section*.90}{\376\377\000U\000s\000i\000n\000g\000\040\000m\000u\000l\000t\000i\000p\000l\000e\000\040\000i\000m\000p\000u\000t\000a\000t\000i\000o\000n\000\040\000w\000i\000t\000h\000\040\000f\000a\000c\000t\000o\000r\000\040\000a\000n\000a\000l\000y\000s\000i\000s\000:\000\040\000a\000\040\000p\000r\000o\000p\000o\000s\000a\000l}{section*.87}% 75
\BOOKMARK [2][-]{section*.91}{\376\377\000S\000i\000m\000u\000l\000a\000t\000i\000o\000n\000s}{section*.87}% 76
\BOOKMARK [2][-]{section*.92}{\376\377\000D\000i\000v\000o\000r\000c\000e\000\040\000i\000n\000\040\000F\000l\000a\000n\000d\000e\000r\000s}{section*.87}% 77
\BOOKMARK [2][-]{section*.93}{\376\377\000C\000o\000n\000c\000l\000u\000s\000i\000o\000n\000s}{section*.87}% 78
\BOOKMARK [0][-]{chapter.8}{\376\377\000S\000o\000f\000t\000w\000a\000r\000e\000\040\000p\000a\000c\000k\000a\000g\000e\000s}{}% 79
\BOOKMARK [1][-]{section*.94}{\376\377\000R\000\040\000p\000a\000c\000k\000a\000g\000e\000\040\000f\000a\000s\000t\000C\000S}{chapter.8}% 80
\BOOKMARK [1][-]{section*.95}{\376\377\000R\000\040\000p\000a\000c\000k\000a\000g\000e\000\040\000f\000a\000s\000t\000A\000R\0001}{chapter.8}% 81
\BOOKMARK [1][-]{section*.96}{\376\377\000R\000\040\000p\000a\000c\000k\000a\000g\000e\000\040\000m\000i\000s\000c\000V\000S\000S}{chapter.8}% 82
\BOOKMARK [1][-]{section*.97}{\376\377\000R\000\040\000p\000a\000c\000k\000a\000g\000e\000\040\000i\000m\000i}{chapter.8}% 83
\BOOKMARK [1][-]{section*.98}{\376\377\000R\000\040\000p\000a\000c\000k\000a\000g\000e\000\040\000m\000i\000f\000a}{chapter.8}% 84
\BOOKMARK [0][-]{chapter.9}{\376\377\000C\000o\000n\000c\000l\000u\000s\000i\000o\000n\000s}{}% 85
\BOOKMARK [0][-]{chapter.10}{\376\377\000A\000p\000p\000e\000n\000d\000i\000c\000e\000s}{}% 86
\BOOKMARK [1][-]{section*.99}{\376\377\000I\000n\000c\000o\000m\000p\000l\000e\000t\000e\000n\000e\000s\000s\000\040\000i\000n\000\040\000t\000h\000e\000\040\000C\000o\000m\000p\000o\000u\000n\000d\000-\000s\000y\000m\000m\000e\000t\000r\000y\000\040\000M\000o\000d\000e\000l}{chapter.10}% 87
\BOOKMARK [1][-]{section*.100}{\376\377\000L\000i\000k\000e\000l\000i\000h\000o\000o\000d\000-\000b\000a\000s\000e\000d\000\040\000E\000s\000t\000i\000m\000a\000t\000i\000o\000n\000\040\000o\000f\000\040\000t\000h\000e\000\040\000C\000S\000\040\000M\000o\000d\000e\000l}{chapter.10}% 88
\BOOKMARK [2][-]{section*.101}{\376\377\000S\000c\000o\000r\000e\000\040\000F\000u\000n\000c\000t\000i\000o\000n\000s}{section*.100}% 89
\BOOKMARK [2][-]{section*.102}{\376\377\000L\000a\000c\000k\000\040\000o\000f\000\040\000C\000l\000o\000s\000e\000d\000-\000f\000o\000r\000m\000\040\000S\000o\000l\000u\000t\000i\000o\000n\000\040\000w\000h\000e\000n\000\040\000K\0002}{section*.100}% 90
\BOOKMARK [1][-]{section*.103}{\376\377\000F\000u\000l\000l\000\040\000L\000i\000k\000e\000l\000i\000h\000o\000o\000d}{chapter.10}% 91
\BOOKMARK [1][-]{section*.104}{\376\377\000P\000s\000e\000u\000d\000o\000-\000l\000i\000k\000e\000l\000i\000h\000o\000o\000d\000\040\000f\000o\000r\000\040\000S\000p\000l\000i\000t\000\040\000S\000a\000m\000p\000l\000e\000s}{chapter.10}% 92
\BOOKMARK [2][-]{section*.105}{\376\377\000G\000e\000n\000e\000r\000a\000l\000\040\000C\000o\000n\000s\000i\000d\000e\000r\000a\000t\000i\000o\000n\000s}{section*.104}% 93
\BOOKMARK [2][-]{section*.106}{\376\377\000P\000s\000e\000u\000d\000o\000-\000l\000i\000k\000e\000l\000i\000h\000o\000o\000d\000\040\000f\000o\000r\000\040\000S\000p\000l\000i\000t\000\040\000S\000a\000m\000p\000l\000e\000\040}{section*.104}% 94
\BOOKMARK [1][-]{section*.107}{\376\377\000D\000e\000r\000i\000v\000a\000t\000i\000o\000n\000\040\000o\000f\000\040\000O\000p\000t\000i\000m\000a\000l\000\040\000S\000c\000a\000l\000a\000r\000\040\000W\000e\000i\000g\000h\000t\000s\000\040\000f\000o\000r\000\040\000C\000o\000m\000p\000o\000u\000n\000d\000-\000s\000y\000m\000m\000e\000t\000r\000y\000\040\000C\000a\000s\000e}{chapter.10}% 95
\BOOKMARK [2][-]{section*.108}{\376\377\000C\000l\000u\000s\000t\000e\000r\000-\000b\000y\000-\000c\000l\000u\000s\000t\000e\000r\000\040\000A\000n\000a\000l\000y\000s\000i\000s}{section*.107}% 96
\BOOKMARK [1][-]{section*.112}{\376\377\000D\000e\000t\000a\000i\000l\000s\000\040\000A\000b\000o\000u\000t\000\040\000t\000h\000e\000\040\000F\000i\000r\000s\000t\000\040\000S\000i\000m\000u\000l\000a\000t\000i\000o\000n\000\040\000S\000t\000u\000d\000y}{chapter.10}% 97
\BOOKMARK [2][-]{section*.113}{\376\377\000S\000i\000m\000u\000l\000a\000t\000i\000o\000n\000\040\000M\000e\000t\000h\000o\000d}{section*.112}% 98
\BOOKMARK [2][-]{section*.114}{\376\377\000S\000e\000t\000t\000i\000n\000g\000\040\0001\000:\000\040\000E\000q\000u\000a\000l\000\040\000c\000k\000n\000k\000,\000\040\000D\000i\000f\000f\000e\000r\000e\000n\000t\000\040\000c\000k\000\040\000a\000n\000d\000\040\000n\000k\000.}{section*.112}% 99
\BOOKMARK [2][-]{section*.115}{\376\377\000S\000e\000t\000t\000i\000n\000g\000\040\0002\000:\000\040\000D\000i\000f\000f\000e\000r\000e\000n\000t\000\040\000c\000k\000n\000k\000,\000\040\000E\000q\000u\000a\000l\000\040\000c\000k\000,\000\040\000D\000i\000f\000f\000e\000r\000e\000n\000t\000\040\000n\000k}{section*.112}% 100
\BOOKMARK [2][-]{section*.116}{\376\377\000S\000e\000t\000t\000i\000n\000g\000\040\0003\000:\000\040\000D\000i\000f\000f\000e\000r\000e\000n\000t\000\040\000c\000k\000n\000k\000,\000\040\000D\000i\000f\000f\000e\000r\000e\000n\000t\000\040\000c\000k\000,\000\040\000E\000q\000u\000a\000l\000\040\000n\000k}{section*.112}% 101
\BOOKMARK [2][-]{section*.117}{\376\377\000O\000p\000t\000i\000m\000a\000l\000,\000\040\000A\000p\000p\000r\000o\000x\000i\000m\000a\000t\000e\000\040\000O\000p\000t\000i\000m\000a\000l\000,\000\040\000a\000n\000d\000\040\000I\000t\000e\000r\000a\000t\000e\000d\000\040\000O\000p\000t\000i\000m\000a\000l\000\040\000W\000e\000i\000g\000h\000t\000s}{section*.112}% 102
\BOOKMARK [1][-]{section*.118}{\376\377\000D\000e\000t\000a\000i\000l\000s\000\040\000A\000b\000o\000u\000t\000\040\000t\000h\000e\000\040\000S\000e\000c\000o\000n\000d\000\040\000S\000i\000m\000u\000l\000a\000t\000i\000o\000n\000\040\000S\000t\000u\000d\000y}{chapter.10}% 103
\BOOKMARK [2][-]{section*.119}{\376\377\000S\000i\000m\000u\000l\000a\000t\000i\000o\000n\000\040\000P\000l\000a\000n}{section*.118}% 104
\BOOKMARK [2][-]{section*.120}{\376\377\000S\000i\000m\000u\000l\000a\000t\000i\000o\000n\000\040\000r\000e\000s\000u\000l\000t\000s}{section*.118}% 105
\BOOKMARK [1][-]{section*.121}{\376\377\000T\000h\000e\000\040\000B\000a\000l\000a\000n\000c\000e\000d\000\040\000C\000o\000n\000d\000i\000t\000i\000o\000n\000a\000l\000l\000y\000\040\000I\000n\000d\000e\000p\000e\000n\000d\000e\000n\000t\000\040\000M\000o\000d\000e\000l}{chapter.10}% 106
\BOOKMARK [1][-]{section*.122}{\376\377\000A\000l\000g\000e\000b\000r\000a\000i\000c\000\040\000D\000e\000r\000i\000v\000a\000t\000i\000o\000n\000s\000\040\000i\000n\000\040\000t\000h\000e\000\040\000A\000R\000\050\0001\000\051\000\040\000C\000a\000s\000e}{chapter.10}% 107
\BOOKMARK [2][-]{section*.123}{\376\377\000S\000o\000m\000e\000\040\000U\000s\000e\000f\000u\000l\000\040\000E\000x\000p\000r\000e\000s\000s\000i\000o\000n\000s}{section*.122}% 108
\BOOKMARK [2][-]{section*.124}{\376\377\000T\000h\000e\000\040\000L\000i\000k\000e\000l\000i\000h\000o\000o\000d\000\040\000E\000s\000t\000i\000m\000a\000t\000o\000r\000s\000\040\000i\000n\000\040\000a\000\040\000G\000i\000v\000e\000n\000\040\000C\000l\000u\000s\000t\000e\000r}{section*.122}% 109
\BOOKMARK [2][-]{section*.125}{\376\377\000H\000e\000s\000s\000i\000a\000n\000s\000,\000\040\000C\000o\000v\000a\000r\000i\000a\000n\000c\000e\000\040\000M\000a\000t\000r\000i\000c\000e\000s\000,\000\040\000a\000n\000d\000\040\000O\000p\000t\000i\000m\000a\000l\000\040\000W\000e\000i\000g\000h\000t\000s}{section*.122}% 110
\BOOKMARK [2][-]{section*.128}{\376\377\000P\000r\000o\000o\000f\000\040\000o\000f\000\040\000P\000r\000o\000p\000o\000s\000i\000t\000i\000o\000n\000\040\0001}{section*.122}% 111
\BOOKMARK [2][-]{section*.129}{\376\377\000O\000p\000t\000i\000m\000a\000l\000\040\000w\000e\000i\000g\000h\000t\000s\000\040\000i\000n\000\040\000c\000a\000s\000e\000\040\000o\000f\000\040\000a\000\040\000g\000e\000n\000e\000r\000a\000l\000\040\000m\000e\000a\000n\000\040\000s\000t\000r\000u\000c\000t\000u\000r\000e\000\040\000X\000i\000\050\000k\000\051}{section*.122}% 112
\BOOKMARK [2][-]{section*.130}{\376\377\000D\000e\000l\000t\000a\000\040\000M\000e\000t\000h\000o\000d\000\040\000f\000o\000r\000\040\000t\000h\000e\000\040\000M\000e\000a\000n\000\040\000E\000s\000t\000i\000m\000a\000t\000o\000r}{section*.122}% 113
\BOOKMARK [2][-]{section*.131}{\376\377\000C\000a\000l\000c\000u\000l\000a\000t\000i\000n\000g\000\040\000"\0000\0003\0006\0002\000\040\000a\000n\000d\000\040\000"\0000\0003\0006\0002\0002\000\040\000i\000n\000\040\000R}{section*.122}% 114
\BOOKMARK [1][-]{section*.132}{\376\377\000D\000e\000t\000a\000i\000l\000s\000\040\000o\000n\000\040\000A\000d\000d\000i\000t\000i\000o\000n\000a\000l\000\040\000S\000i\000m\000u\000l\000a\000t\000i\000o\000n\000s}{chapter.10}% 115
\BOOKMARK [2][-]{section*.133}{\376\377\000S\000i\000m\000u\000l\000a\000t\000i\000o\000n\000s\000\040\000w\000i\000t\000h\000\040\000P\000r\000o\000p\000o\000r\000t\000i\000o\000n\000a\000l\000\040\000a\000n\000d\000\040\000S\000i\000z\000e\000-\000p\000r\000o\000p\000o\000r\000t\000i\000o\000n\000a\000l\000\040\000W\000e\000i\000g\000h\000t\000s}{section*.132}% 116
\BOOKMARK [2][-]{section*.134}{\376\377\000S\000i\000m\000u\000l\000a\000t\000i\000o\000n\000s\000\040\000w\000i\000t\000h\000\040\000P\000r\000o\000p\000o\000r\000t\000i\000o\000n\000a\000l\000\040\000a\000n\000d\000\040\000S\000i\000z\000e\000-\000p\000r\000o\000p\000o\000r\000t\000i\000o\000n\000a\000l\000\040\000W\000e\000i\000g\000h\000t\000s\000:\000\040\000\040\000n\000e\000a\000r\000\040\0000\000/\0001}{section*.132}% 117
\BOOKMARK [2][-]{section*.135}{\376\377\000S\000i\000m\000u\000l\000a\000t\000i\000o\000n\000s\000\040\000W\000i\000t\000h\000\040\000O\000p\000t\000i\000m\000a\000l\000\040\000W\000e\000i\000g\000h\000t\000s}{section*.132}% 118
\BOOKMARK [2][-]{section*.136}{\376\377\000S\000i\000m\000u\000l\000a\000t\000i\000o\000n\000s\000\040\000o\000n\000\040\000C\000o\000m\000p\000u\000t\000a\000t\000i\000o\000n\000\040\000T\000i\000m\000e}{section*.132}% 119
\BOOKMARK [1][-]{section*.137}{\376\377\000D\000e\000t\000a\000i\000l\000s\000\040\000o\000n\000\040\000P\000A\000N\000S\000S\000\040\000D\000a\000t\000a\000\040\000A\000n\000a\000l\000y\000s\000i\000s}{chapter.10}% 120
\BOOKMARK [1][-]{section*.138}{\376\377\000F\000i\000e\000l\000l\000e\000r\000'\000s\000\040\000m\000e\000t\000h\000o\000d\000\040\000a\000n\000d\000\040\000D\000e\000l\000t\000a\000\040\000m\000e\000t\000h\000o\000d}{chapter.10}% 121
\BOOKMARK [1][-]{section*.139}{\376\377\000R\000a\000n\000d\000o\000m\000\040\000v\000e\000r\000t\000i\000c\000a\000l\000\040\000d\000a\000t\000a\000\040\000s\000p\000l\000i\000t\000t\000i\000n\000g\000\040\000f\000o\000r\000\040\000c\000o\000m\000p\000o\000u\000n\000d\000-\000s\000y\000m\000m\000e\000t\000r\000y\000\040\000s\000t\000r\000u\000c\000t\000u\000r\000e}{chapter.10}% 122
\BOOKMARK [1][-]{section*.140}{\376\377\000C\000o\000m\000b\000i\000n\000a\000t\000i\000o\000n\000\040\000r\000u\000l\000e\000\040\000f\000o\000r\000\040\000p\000-\000v\000a\000l\000u\000e\000s\000\040\000i\000n\000\040\000L\000E\000S\000\040\000d\000a\000t\000a\000s\000e\000t\000\040\000a\000n\000a\000l\000y\000s\000i\000s\000\040\000\050\000I\000M\000I\000\051}{chapter.10}% 123
\BOOKMARK [1][-]{section*.141}{\376\377\000T\000h\000e\000\040\000s\000u\000r\000r\000o\000g\000a\000t\000e\000\040\000m\000o\000d\000e\000l}{chapter.10}% 124
\BOOKMARK [0][-]{appendix*.142}{\376\377\000B\000i\000b\000l\000i\000o\000g\000r\000a\000p\000h\000y}{}% 125
